<?xml version="1.0" encoding="UTF-8"?>
<!-- Generated by org.testng.reporters.JUnitReportReporter -->
<testsuite hostname="LAPTOP-GJ562UJB" failures="0" tests="5" name="com.Mytest" time="53.435" errors="0" timestamp="2023-07-20T20:53:33 IST" skipped="0">
  <testcase classname="com.Mytest" name="search" time="13.635"/>
  <testcase classname="com.Mytest" name="addToCart" time="4.457"/>
  <testcase classname="com.Mytest" name="TestRegister" time="14.529"/>
  <testcase classname="com.Mytest" name="ValidLogin" time="10.406"/>
  <testcase classname="com.Mytest" name="InvalidLogin" time="10.408"/>
</testsuite> <!-- com.Mytest -->
